2022-02-28 22:49:00,946 : swarm.mlCnt : INFO : Setting up ml layer for the swarm node: START
2022-02-28 22:49:00,950 : swarm.mlCnt : INFO : ML is running on a normal fullnode!
2022-02-28 22:49:01,056 : swarm.mlCnt : INFO : Instantiating file services for ml node 172.22.0.4
SMLFS: Loading State File : /platform/swarmml/SMLNODE/smlfs_state_latest.json
localIp for fs service = 172.22.0.4
2022-02-28 22:49:01,070 : swarm.mlCnt : INFO : Successfully completed the initialization of ML container ...
2022-02-28 22:49:01,087 : swarm.mlCnt : INFO : ***Swarm Callback Params***
2022-02-28 22:49:01,087 : swarm.mlCnt : INFO : sync_interval: 128
2022-02-28 22:49:01,088 : swarm.mlCnt : INFO : min_peers: 2
2022-02-28 22:49:01,088 : swarm.mlCnt : INFO : max_peers: 0
2022-02-28 22:49:01,088 : swarm.mlCnt : INFO : val_batch_size: 128
2022-02-28 22:49:01,089 : swarm.mlCnt : INFO : ***************************
2022-02-28 22:49:01,089 : swarm.mlCnt : INFO : Creating object for context: defaultbb.cqdb.sml.hpe
2022-02-28 22:49:03,182 : swarm.smlCBB : INFO : ***Swarm Network Configuration***
2022-02-28 22:49:03,182 : swarm.smlCBB : INFO : Context:defaultbb.cqdb.sml.hpe
2022-02-28 22:49:03,183 : swarm.smlCBB : INFO :     syncInterval      : 128
2022-02-28 22:49:03,183 : swarm.smlCBB : INFO :     min_peers         : 2
2022-02-28 22:49:03,183 : swarm.smlCBB : INFO :     blackboard_set_by : 172.22.0.4
2022-02-28 22:49:03,183 : swarm.smlCBB : INFO :     adaptive_sync     : False
2022-02-28 22:49:03,184 : swarm.smlCBB : INFO : ***************************
2022-02-28 22:49:03,217 : swarm.mlCnt : INFO : Merging ...
Train Epoch: 1 [0/60000 (0%)]	Loss: 2.307079
Train Epoch: 1 [12800/60000 (21%)]	Loss: 0.295090
2022-02-28 22:52:56,523 : swarm.mlCnt : INFO : Merging ...
Train Epoch: 1 [25600/60000 (43%)]	Loss: 0.259098
2022-02-28 22:53:10,494 : swarm.mlCnt : INFO : Merging ...
Train Epoch: 1 [38400/60000 (64%)]	Loss: 0.212706
2022-02-28 22:53:22,802 : swarm.mlCnt : INFO : Merging ...
Train Epoch: 1 [51200/60000 (85%)]	Loss: 0.219162

Test set: Average loss: 0.1811, Accuracy: 9446/10000 (94%)

Train Epoch: 2 [0/60000 (0%)]	Loss: 0.124074
2022-02-28 22:53:35,646 : swarm.mlCnt : INFO : Merging ...
Train Epoch: 2 [12800/60000 (21%)]	Loss: 0.100233
2022-02-28 22:53:48,349 : swarm.mlCnt : INFO : Merging ...
Train Epoch: 2 [25600/60000 (43%)]	Loss: 0.168387
2022-02-28 22:53:59,082 : swarm.mlCnt : INFO : Merging ...
Train Epoch: 2 [38400/60000 (64%)]	Loss: 0.123294
Train Epoch: 2 [51200/60000 (85%)]	Loss: 0.186896
2022-02-28 22:54:10,495 : swarm.mlCnt : INFO : Merging ...

Test set: Average loss: 0.1165, Accuracy: 9648/10000 (96%)

Train Epoch: 3 [0/60000 (0%)]	Loss: 0.074099
2022-02-28 22:54:24,359 : swarm.mlCnt : INFO : Merging ...
Train Epoch: 3 [12800/60000 (21%)]	Loss: 0.051502
Train Epoch: 3 [25600/60000 (43%)]	Loss: 0.096481
2022-02-28 22:54:37,725 : swarm.mlCnt : INFO : Merging ...
Train Epoch: 3 [38400/60000 (64%)]	Loss: 0.089151
2022-02-28 22:54:52,120 : swarm.mlCnt : INFO : Merging ...
Train Epoch: 3 [51200/60000 (85%)]	Loss: 0.144092

Test set: Average loss: 0.0914, Accuracy: 9725/10000 (97%)

Train Epoch: 4 [0/60000 (0%)]	Loss: 0.057020
2022-02-28 22:55:06,206 : swarm.mlCnt : INFO : Merging ...
Train Epoch: 4 [12800/60000 (21%)]	Loss: 0.049341
2022-02-28 22:55:17,498 : swarm.mlCnt : INFO : Merging ...
Train Epoch: 4 [25600/60000 (43%)]	Loss: 0.063975
2022-02-28 22:55:30,200 : swarm.mlCnt : INFO : Merging ...
Train Epoch: 4 [38400/60000 (64%)]	Loss: 0.049547
2022-02-28 22:55:41,933 : swarm.mlCnt : INFO : Merging ...
Train Epoch: 4 [51200/60000 (85%)]	Loss: 0.111820

Test set: Average loss: 0.0830, Accuracy: 9737/10000 (97%)

Train Epoch: 5 [0/60000 (0%)]	Loss: 0.039384
2022-02-28 22:55:57,466 : swarm.mlCnt : INFO : Merging ...
Train Epoch: 5 [12800/60000 (21%)]	Loss: 0.046632
2022-02-28 22:56:10,376 : swarm.mlCnt : INFO : Merging ...
Train Epoch: 5 [25600/60000 (43%)]	Loss: 0.055978
Train Epoch: 5 [38400/60000 (64%)]	Loss: 0.028771
2022-02-28 22:56:22,845 : swarm.mlCnt : INFO : Merging ...
Train Epoch: 5 [51200/60000 (85%)]	Loss: 0.090463
2022-02-28 22:56:35,067 : swarm.mlCnt : INFO : Merging ...

Test set: Average loss: 0.0775, Accuracy: 9755/10000 (98%)

2022-02-28 22:56:45,703 : swarm.mlCnt : INFO : Finished local training rounds
2022-02-28 22:56:45,704 : swarm.mlCnt : INFO : Continuing syncs till minimum required peers finish ...
2022-02-28 22:56:45,704 : swarm.mlCnt : INFO : Checkin model: Snapshot, Using Final local version
2022-02-28 22:56:55,554 : swarm.mlCnt : INFO : All peers finished. Loading final model
Saved the trained model!
