2022-02-28 22:52:41,269 : swarm.mlCnt : INFO : Setting up ml layer for the swarm node: START
2022-02-28 22:52:41,276 : swarm.mlCnt : INFO : ML is running on a normal fullnode!
2022-02-28 22:52:41,423 : swarm.mlCnt : INFO : Instantiating file services for ml node 172.22.0.5
SMLFS: Loading State File : /platform/swarmml/SMLNODE/smlfs_state_latest.json
localIp for fs service = 172.22.0.5
2022-02-28 22:52:41,437 : swarm.mlCnt : INFO : Successfully completed the initialization of ML container ...
2022-02-28 22:52:41,457 : swarm.mlCnt : INFO : ***Swarm Callback Params***
2022-02-28 22:52:41,458 : swarm.mlCnt : INFO : sync_interval: 128
2022-02-28 22:52:41,458 : swarm.mlCnt : INFO : min_peers: 2
2022-02-28 22:52:41,458 : swarm.mlCnt : INFO : max_peers: 0
2022-02-28 22:52:41,459 : swarm.mlCnt : INFO : val_batch_size: 128
2022-02-28 22:52:41,459 : swarm.mlCnt : INFO : ***************************
2022-02-28 22:52:41,459 : swarm.mlCnt : INFO : Creating object for context: defaultbb.cqdb.sml.hpe
2022-02-28 22:52:43,531 : swarm.smlCBB : INFO : ***Swarm Network Configuration***
2022-02-28 22:52:43,531 : swarm.smlCBB : INFO : Context:defaultbb.cqdb.sml.hpe
2022-02-28 22:52:43,532 : swarm.smlCBB : INFO :     syncInterval      : 128
2022-02-28 22:52:43,532 : swarm.smlCBB : INFO :     min_peers         : 2
2022-02-28 22:52:43,532 : swarm.smlCBB : INFO :     blackboard_set_by : 172.22.0.4
2022-02-28 22:52:43,532 : swarm.smlCBB : INFO :     adaptive_sync     : False
2022-02-28 22:52:43,533 : swarm.smlCBB : INFO : ***************************
2022-02-28 22:52:43,563 : swarm.mlCnt : INFO : Merging ...
Train Epoch: 1 [0/60000 (0%)]	Loss: 2.309043
Train Epoch: 1 [12800/60000 (21%)]	Loss: 0.268447
2022-02-28 22:52:55,946 : swarm.mlCnt : INFO : Merging ...
Train Epoch: 1 [25600/60000 (43%)]	Loss: 0.240105
2022-02-28 22:53:11,013 : swarm.mlCnt : INFO : Merging ...
Train Epoch: 1 [38400/60000 (64%)]	Loss: 0.206907
2022-02-28 22:53:22,558 : swarm.mlCnt : INFO : Merging ...
Train Epoch: 1 [51200/60000 (85%)]	Loss: 0.234965

Test set: Average loss: 0.1803, Accuracy: 9453/10000 (95%)

Train Epoch: 2 [0/60000 (0%)]	Loss: 0.126823
2022-02-28 22:53:35,440 : swarm.mlCnt : INFO : Merging ...
Train Epoch: 2 [12800/60000 (21%)]	Loss: 0.118055
2022-02-28 22:53:48,629 : swarm.mlCnt : INFO : Merging ...
Train Epoch: 2 [25600/60000 (43%)]	Loss: 0.167002
2022-02-28 22:53:58,209 : swarm.mlCnt : INFO : Merging ...
Train Epoch: 2 [38400/60000 (64%)]	Loss: 0.123735
Train Epoch: 2 [51200/60000 (85%)]	Loss: 0.174269
2022-02-28 22:54:10,081 : swarm.mlCnt : INFO : Merging ...

Test set: Average loss: 0.1174, Accuracy: 9649/10000 (96%)

Train Epoch: 3 [0/60000 (0%)]	Loss: 0.072884
2022-02-28 22:54:24,025 : swarm.mlCnt : INFO : Merging ...
Train Epoch: 3 [12800/60000 (21%)]	Loss: 0.053713
Train Epoch: 3 [25600/60000 (43%)]	Loss: 0.126672
2022-02-28 22:54:37,945 : swarm.mlCnt : INFO : Merging ...
Train Epoch: 3 [38400/60000 (64%)]	Loss: 0.086070
2022-02-28 22:54:52,407 : swarm.mlCnt : INFO : Merging ...
Train Epoch: 3 [51200/60000 (85%)]	Loss: 0.148222

Test set: Average loss: 0.0927, Accuracy: 9712/10000 (97%)

Train Epoch: 4 [0/60000 (0%)]	Loss: 0.063424
2022-02-28 22:55:04,349 : swarm.mlCnt : INFO : Merging ...
Train Epoch: 4 [12800/60000 (21%)]	Loss: 0.052279
2022-02-28 22:55:18,308 : swarm.mlCnt : INFO : Merging ...
Train Epoch: 4 [25600/60000 (43%)]	Loss: 0.084135
2022-02-28 22:55:29,581 : swarm.mlCnt : INFO : Merging ...
Train Epoch: 4 [38400/60000 (64%)]	Loss: 0.065347
2022-02-28 22:55:41,541 : swarm.mlCnt : INFO : Merging ...
Train Epoch: 4 [51200/60000 (85%)]	Loss: 0.108322

Test set: Average loss: 0.0827, Accuracy: 9741/10000 (97%)

Train Epoch: 5 [0/60000 (0%)]	Loss: 0.039734
2022-02-28 22:55:56,557 : swarm.mlCnt : INFO : Merging ...
Train Epoch: 5 [12800/60000 (21%)]	Loss: 0.057848
2022-02-28 22:56:10,230 : swarm.mlCnt : INFO : Merging ...
Train Epoch: 5 [25600/60000 (43%)]	Loss: 0.049210
Train Epoch: 5 [38400/60000 (64%)]	Loss: 0.045185
2022-02-28 22:56:23,099 : swarm.mlCnt : INFO : Merging ...
Train Epoch: 5 [51200/60000 (85%)]	Loss: 0.103533
2022-02-28 22:56:34,894 : swarm.mlCnt : INFO : Merging ...

Test set: Average loss: 0.0800, Accuracy: 9746/10000 (97%)

2022-02-28 22:56:45,480 : swarm.mlCnt : INFO : Finished local training rounds
2022-02-28 22:56:45,480 : swarm.mlCnt : INFO : Continuing syncs till minimum required peers finish ...
2022-02-28 22:56:45,480 : swarm.mlCnt : INFO : Checkin model: Snapshot, Using Final local version
2022-02-28 22:56:55,974 : swarm.mlCnt : INFO : All peers finished. Loading final model
Saved the trained model!
